<?xml version="1.0" encoding="UTF-8"?>
<testsuite xmlns:xsi="http://www.w3.org/2001/XMLSchema-instance" xsi:noNamespaceSchemaLocation="https://maven.apache.org/surefire/maven-surefire-plugin/xsd/surefire-test-report-3.0.xsd" version="3.0" name="plaxi.backend.BackendApplicationTests" time="25.041" tests="1" errors="0" skipped="0" failures="0">
  <properties>
[...]
</properties>
  <testcase name="contextLoads" classname="plaxi.backend.BackendApplicationTests" time="1.665">
    <system-out><![CDATA[20:17:38.081 [main] INFO org.springframework.test.context.support.AnnotationConfigContextLoaderUtils -- Could not detect default configuration classes for test class [plaxi.backend.BackendApplicationTests]: BackendApplicationTests does not declare any static, non-private, non-final, nested classes annotated with @Configuration.
20:17:38.635 [main] INFO org.springframework.boot.test.context.SpringBootTestContextBootstrapper -- Found @SpringBootConfiguration plaxi.backend.BackendApplication for test class plaxi.backend.BackendApplicationTests

  .   ____          _            __ _ _
 /\\ / ___'_ __ _ _(_)_ __  __ _ \ \ \ \
( ( )\___ | '_ | '_| | '_ \/ _` | \ \ \ \
 \\/  ___)| |_)| | | | | || (_| |  ) ) ) )
  '  |____| .__|_| |_|_| |_\__, | / / / /
 =========|_|==============|___/=/_/_/_/

 :: Spring Boot ::                (v3.3.3)

2024-10-03T20:17:40.991-04:00  INFO 7672 --- [backend] [           main] plaxi.backend.BackendApplicationTests    : Starting BackendApplicationTests using Java 18.0.2.1 with PID 7672 (started by Coss in D:\NO ELIMINAR\Escritorio\Cato\9no semestre\Taller de Desarrollo de Software\plaxi backend\Plaxi-Backend)
2024-10-03T20:17:40.997-04:00  INFO 7672 --- [backend] [           main] plaxi.backend.BackendApplicationTests    : No active profile set, falling back to 1 default profile: "default"
2024-10-03T20:17:44.217-04:00  INFO 7672 --- [backend] [           main] .s.d.r.c.RepositoryConfigurationDelegate : Bootstrapping Spring Data JPA repositories in DEFAULT mode.
2024-10-03T20:17:44.640-04:00  INFO 7672 --- [backend] [           main] .s.d.r.c.RepositoryConfigurationDelegate : Finished Spring Data repository scanning in 362 ms. Found 9 JPA repository interfaces.
2024-10-03T20:17:47.101-04:00  INFO 7672 --- [backend] [           main] o.hibernate.jpa.internal.util.LogHelper  : HHH000204: Processing PersistenceUnitInfo [name: default]
2024-10-03T20:17:47.369-04:00  INFO 7672 --- [backend] [           main] org.hibernate.Version                    : HHH000412: Hibernate ORM core version 6.5.2.Final
2024-10-03T20:17:47.520-04:00  INFO 7672 --- [backend] [           main] o.h.c.internal.RegionFactoryInitiator    : HHH000026: Second-level cache disabled
2024-10-03T20:17:49.006-04:00  INFO 7672 --- [backend] [           main] o.s.o.j.p.SpringPersistenceUnitInfo      : No LoadTimeWeaver setup: ignoring JPA class transformer
2024-10-03T20:17:49.148-04:00  INFO 7672 --- [backend] [           main] com.zaxxer.hikari.HikariDataSource       : HikariPool-1 - Starting...
2024-10-03T20:17:49.787-04:00  INFO 7672 --- [backend] [           main] com.zaxxer.hikari.pool.HikariPool        : HikariPool-1 - Added connection org.postgresql.jdbc.PgConnection@708dfe10
2024-10-03T20:17:49.802-04:00  INFO 7672 --- [backend] [           main] com.zaxxer.hikari.HikariDataSource       : HikariPool-1 - Start completed.
2024-10-03T20:17:49.979-04:00  WARN 7672 --- [backend] [           main] org.hibernate.orm.deprecation            : HHH90000025: PostgreSQLDialect does not need to be specified explicitly using 'hibernate.dialect' (remove the property setting and it will be selected by default)
2024-10-03T20:17:54.825-04:00  INFO 7672 --- [backend] [           main] o.h.e.t.j.p.i.JtaPlatformInitiator       : HHH000489: No JTA platform available (set 'hibernate.transaction.jta.platform' to enable JTA platform integration)
Hibernate: 
    create table public.categoria (
        id_categoria bigint generated by default as identity,
        decripcion varchar(255) not null,
        nombre varchar(255) not null,
        primary key (id_categoria)
    )
Hibernate: 
    create table public.conocimiento_previo (
        id_conocimiento bigint generated by default as identity,
        descripcion varchar(255) not null,
        curso_id_curso bigint not null,
        primary key (id_conocimiento)
    )
Hibernate: 
    create table public.leccion (
        id_leccion bigint generated by default as identity,
        contenido varchar(255) not null,
        duracion_estimada integer not null,
        orden integer not null,
        titulo varchar(255) not null,
        curso_id_curso bigint not null,
        primary key (id_leccion)
    )
Hibernate: 
    create table public.tema (
        id_tema bigint generated by default as identity,
        descripcion varchar(255) not null,
        orden integer not null,
        recurso_multimedia varchar(255) not null,
        titulo varchar(255) not null,
        leccion_id_leccion bigint not null,
        primary key (id_tema)
    )
Hibernate: 
    alter table if exists public.usuario 
       add column imagen_perfil_id bigint
Hibernate: 
    create table curso (
        id_curso bigint generated by default as identity,
        descripcion varchar(255) not null,
        dificultad varchar(255) not null,
        estado boolean not null,
        nombre varchar(255) not null,
        categoria_id_categoria bigint not null,
        portada bigint,
        primary key (id_curso)
    )
Hibernate: 
    create table s3_object (
        s3_object_id bigint generated by default as identity,
        bucket varchar(255),
        content_type varchar(255),
        filename varchar(255),
        status boolean,
        url varchar(1024),
        primary key (s3_object_id)
    )
Hibernate: 
    alter table if exists public.conocimiento_previo 
       add constraint FKmm9syp5amilyilrrq6viotp7t 
       foreign key (curso_id_curso) 
       references curso
Hibernate: 
    alter table if exists public.leccion 
       add constraint FK4qvu8992ftv6lqearpdhgyo60 
       foreign key (curso_id_curso) 
       references curso
Hibernate: 
    alter table if exists public.tema 
       add constraint FKngaq298cwe8g6pch8wrn7a14y 
       foreign key (leccion_id_leccion) 
       references public.leccion
Hibernate: 
    alter table if exists public.usuario 
       add constraint FKduu1ni03ly9nnsyeh4l17llnl 
       foreign key (imagen_perfil_id) 
       references s3_object
Hibernate: 
    alter table if exists curso 
       add constraint FKe32vakthp0f6mf7k0ihsxlddx 
       foreign key (categoria_id_categoria) 
       references public.categoria
Hibernate: 
    alter table if exists curso 
       add constraint FK98tjpa302y53rx9w5ig8e8l78 
       foreign key (portada) 
       references s3_object
2024-10-03T20:17:55.519-04:00  INFO 7672 --- [backend] [           main] j.LocalContainerEntityManagerFactoryBean : Initialized JPA EntityManagerFactory for persistence unit 'default'
2024-10-03T20:17:58.928-04:00  WARN 7672 --- [backend] [           main] JpaBaseConfiguration$JpaWebConfiguration : spring.jpa.open-in-view is enabled by default. Therefore, database queries may be performed during view rendering. Explicitly configure spring.jpa.open-in-view to disable this warning
2024-10-03T20:18:00.620-04:00  INFO 7672 --- [backend] [           main] plaxi.backend.BackendApplicationTests    : Started BackendApplicationTests in 21.117 seconds (process running for 26.611)
]]></system-out>
  </testcase>
</testsuite>